<?xml version="1.0" encoding="UTF-8"?>
<testsuite name="org.adaschool.api.HealthControllerTest" tests="1" skipped="0" failures="0" errors="0" timestamp="2024-08-13T23:51:17" hostname="DESKTOP-IQ2CLRE" time="0.365">
  <properties/>
  <testcase name="getHealthControllerTest()" classname="org.adaschool.api.HealthControllerTest" time="0.365"/>
  <system-out><![CDATA[17:51:16.786 [Test worker] DEBUG org.springframework.boot.test.context.SpringBootTestContextBootstrapper - Neither @ContextConfiguration nor @ContextHierarchy found for test class [HealthControllerTest]: using SpringBootContextLoader
17:51:16.790 [Test worker] DEBUG org.springframework.test.context.support.AbstractContextLoader - Could not detect default resource locations for test class [org.adaschool.api.HealthControllerTest]: no resource found for suffixes {-context.xml, Context.groovy}.
17:51:16.791 [Test worker] INFO org.springframework.test.context.support.AnnotationConfigContextLoaderUtils - Could not detect default configuration classes for test class [org.adaschool.api.HealthControllerTest]: HealthControllerTest does not declare any static, non-private, non-final, nested classes annotated with @Configuration.
17:51:16.815 [Test worker] DEBUG org.springframework.boot.test.context.SpringBootTestContextBootstrapper - Using ContextCustomizers for test class [HealthControllerTest]: [DisableObservabilityContextCustomizer, PropertyMappingContextCustomizer, Customizer, ExcludeFilterContextCustomizer, DuplicateJsonObjectContextCustomizer, MockitoContextCustomizer, TestRestTemplateContextCustomizer]
17:51:16.875 [Test worker] DEBUG org.springframework.context.annotation.ClassPathScanningCandidateComponentProvider - Identified candidate component class: file [C:\Nueva carpeta\spring-boot-java-assignments\build\classes\java\main\org\adaschool\api\SpringBootJavaAssignmentsApplication.class]
17:51:16.876 [Test worker] INFO org.springframework.boot.test.context.SpringBootTestContextBootstrapper - Found @SpringBootConfiguration org.adaschool.api.SpringBootJavaAssignmentsApplication for test class org.adaschool.api.HealthControllerTest
17:51:16.946 [Test worker] DEBUG org.springframework.test.context.util.TestContextSpringFactoriesUtils - Skipping candidate TestExecutionListener [org.springframework.test.context.transaction.TransactionalTestExecutionListener] due to a missing dependency. Specify custom TestExecutionListener classes or make the default TestExecutionListener classes and their required dependencies available. Offending class: [org/springframework/transaction/interceptor/TransactionAttributeSource]
17:51:16.948 [Test worker] DEBUG org.springframework.test.context.util.TestContextSpringFactoriesUtils - Skipping candidate TestExecutionListener [org.springframework.test.context.jdbc.SqlScriptsTestExecutionListener] due to a missing dependency. Specify custom TestExecutionListener classes or make the default TestExecutionListener classes and their required dependencies available. Offending class: [org/springframework/transaction/interceptor/TransactionAttribute]
17:51:16.949 [Test worker] DEBUG org.springframework.boot.test.context.SpringBootTestContextBootstrapper - Using TestExecutionListeners for test class [HealthControllerTest]: [ServletTestExecutionListener, DirtiesContextBeforeModesTestExecutionListener, ApplicationEventsTestExecutionListener, MockitoTestExecutionListener, DependencyInjectionTestExecutionListener, DirtiesContextTestExecutionListener, EventPublishingTestExecutionListener, RestDocsTestExecutionListener, MockRestServiceServerResetTestExecutionListener, MockMvcPrintOnlyOnFailureTestExecutionListener, WebDriverTestExecutionListener, MockWebServiceServerTestExecutionListener, ResetMocksTestExecutionListener]
17:51:16.950 [Test worker] DEBUG org.springframework.test.context.support.AbstractDirtiesContextTestExecutionListener - Before test class: class [HealthControllerTest], class annotated with @DirtiesContext [false] with mode [null]

  .   ____          _            __ _ _
 /\\ / ___'_ __ _ _(_)_ __  __ _ \ \ \ \
( ( )\___ | '_ | '_| | '_ \/ _` | \ \ \ \
 \\/  ___)| |_)| | | | | || (_| |  ) ) ) )
  '  |____| .__|_| |_|_| |_\__, | / / / /
 =========|_|==============|___/=/_/_/_/
 :: Spring Boot ::                (v3.0.2)

2024-08-13T17:51:17.139-06:00  INFO 21256 --- [    Test worker] org.adaschool.api.HealthControllerTest   : Starting HealthControllerTest using Java 17.0.11 with PID 21256 (started by HP in C:\Nueva carpeta\spring-boot-java-assignments)
2024-08-13T17:51:17.139-06:00  INFO 21256 --- [    Test worker] org.adaschool.api.HealthControllerTest   : No active profile set, falling back to 1 default profile: "default"
2024-08-13T17:51:17.916-06:00  INFO 21256 --- [    Test worker] org.adaschool.api.HealthControllerTest   : Started HealthControllerTest in 0.929 seconds (process running for 1.823)
2024-08-13T17:51:18.253-06:00  INFO 21256 --- [    Test worker] o.s.mock.web.MockServletContext          : Initializing Spring TestDispatcherServlet ''
2024-08-13T17:51:18.253-06:00  INFO 21256 --- [    Test worker] o.s.t.web.servlet.TestDispatcherServlet  : Initializing Servlet ''
2024-08-13T17:51:18.255-06:00  INFO 21256 --- [    Test worker] o.s.t.web.servlet.TestDispatcherServlet  : Completed initialization in 1 ms
]]></system-out>
  <system-err><![CDATA[]]></system-err>
</testsuite>
